2018-03-13 19:10:23 DEBUG BasicClientConnectionManager:164 - Get connection for route {}->http://127.0.0.1:8080
2018-03-13 19:10:23 DEBUG DefaultClientConnectionOperator:176 - Connecting to 127.0.0.1:8080
2018-03-13 19:10:23 DEBUG RequestAddCookies:122 - CookieSpec selected: ignoreCookies
2018-03-13 19:10:23 DEBUG RequestAuthCache:76 - Auth cache not set in the context
2018-03-13 19:10:23 DEBUG RequestProxyAuthentication:88 - Proxy auth state: UNCHALLENGED
2018-03-13 19:10:23 DEBUG DefaultHttpClient:684 - Attempt 1 to execute request
2018-03-13 19:10:23 DEBUG DefaultClientConnection:276 - Sending request: GET /heapunderflow/service/blog/1 HTTP/1.1
2018-03-13 19:10:23 DEBUG wire:72 -  >> "GET /heapunderflow/service/blog/1 HTTP/1.1[\r][\n]"
2018-03-13 19:10:23 DEBUG wire:72 -  >> "Authorization: Basic dXNlcm5hbWU6c2VjcmV0[\r][\n]"
2018-03-13 19:10:23 DEBUG wire:72 -  >> "Accept: */*[\r][\n]"
2018-03-13 19:10:23 DEBUG wire:72 -  >> "Content-Length: 0[\r][\n]"
2018-03-13 19:10:23 DEBUG wire:72 -  >> "Host: 127.0.0.1:8080[\r][\n]"
2018-03-13 19:10:23 DEBUG wire:72 -  >> "Connection: Keep-Alive[\r][\n]"
2018-03-13 19:10:23 DEBUG wire:72 -  >> "User-Agent: Apache-HttpClient/4.5.2 (Java/1.8.0_161)[\r][\n]"
2018-03-13 19:10:23 DEBUG wire:72 -  >> "Accept-Encoding: gzip,deflate[\r][\n]"
2018-03-13 19:10:23 DEBUG wire:72 -  >> "[\r][\n]"
2018-03-13 19:10:23 DEBUG headers:280 - >> GET /heapunderflow/service/blog/1 HTTP/1.1
2018-03-13 19:10:23 DEBUG headers:283 - >> Authorization: Basic dXNlcm5hbWU6c2VjcmV0
2018-03-13 19:10:23 DEBUG headers:283 - >> Accept: */*
2018-03-13 19:10:23 DEBUG headers:283 - >> Content-Length: 0
2018-03-13 19:10:23 DEBUG headers:283 - >> Host: 127.0.0.1:8080
2018-03-13 19:10:23 DEBUG headers:283 - >> Connection: Keep-Alive
2018-03-13 19:10:23 DEBUG headers:283 - >> User-Agent: Apache-HttpClient/4.5.2 (Java/1.8.0_161)
2018-03-13 19:10:23 DEBUG headers:283 - >> Accept-Encoding: gzip,deflate
2018-03-13 19:10:23 DEBUG wire:72 -  << "HTTP/1.1 200 OK[\r][\n]"
2018-03-13 19:10:23 DEBUG wire:72 -  << "Server: Apache-Coyote/1.1[\r][\n]"
2018-03-13 19:10:23 DEBUG wire:72 -  << "Content-Type: application/json[\r][\n]"
2018-03-13 19:10:24 DEBUG wire:72 -  << "Transfer-Encoding: chunked[\r][\n]"
2018-03-13 19:10:24 DEBUG wire:72 -  << "Date: Tue, 13 Mar 2018 13:40:23 GMT[\r][\n]"
2018-03-13 19:10:24 DEBUG wire:72 -  << "[\r][\n]"
2018-03-13 19:10:24 DEBUG DefaultClientConnection:261 - Receiving response: HTTP/1.1 200 OK
2018-03-13 19:10:24 DEBUG headers:264 - << HTTP/1.1 200 OK
2018-03-13 19:10:24 DEBUG headers:267 - << Server: Apache-Coyote/1.1
2018-03-13 19:10:24 DEBUG headers:267 - << Content-Type: application/json
2018-03-13 19:10:24 DEBUG headers:267 - << Transfer-Encoding: chunked
2018-03-13 19:10:24 DEBUG headers:267 - << Date: Tue, 13 Mar 2018 13:40:23 GMT
2018-03-13 19:10:24 DEBUG DefaultHttpClient:511 - Connection can be kept alive indefinitely
2018-03-13 19:10:24 DEBUG RequestSpecificationImpl$RestAssuredHttpBuilder:545 - Parsing response as: application/json
2018-03-13 19:10:24 DEBUG RequestSpecificationImpl$RestAssuredHttpBuilder:548 - Parsed data to instance of: class org.apache.http.conn.EofSensorInputStream
2018-03-13 19:10:24 DEBUG wire:72 -  << "7e[\r][\n]"
2018-03-13 19:10:24 DEBUG wire:86 -  << "{"blogId":1,"blogTitle":"Sample title2","blogAuthor":null,"blogText":"sample desc","blogCreation":1520827811000,"blogLikes":0}"
2018-03-13 19:10:24 DEBUG wire:72 -  << "[\r][\n]"
2018-03-13 19:10:24 DEBUG wire:72 -  << "0[\r][\n]"
2018-03-13 19:10:24 DEBUG wire:72 -  << "[\r][\n]"
2018-03-13 19:10:24 DEBUG BasicClientConnectionManager:203 - Releasing connection org.apache.http.impl.conn.ManagedClientConnectionImpl@1dd6d4b7
2018-03-13 19:10:24 DEBUG BasicClientConnectionManager:228 - Connection can be kept alive indefinitely
2018-03-13 19:10:24 DEBUG root:20 - {
    "blogId": 1,
    "blogTitle": "Sample title2",
    "blogAuthor": null,
    "blogText": "sample desc",
    "blogCreation": 1520827811000,
    "blogLikes": 0
}
2018-03-13 19:10:25 DEBUG BasicClientConnectionManager:164 - Get connection for route {}->http://127.0.0.1:8080
2018-03-13 19:10:25 DEBUG DefaultClientConnectionOperator:176 - Connecting to 127.0.0.1:8080
2018-03-13 19:10:25 DEBUG RequestAddCookies:122 - CookieSpec selected: ignoreCookies
2018-03-13 19:10:25 DEBUG RequestAuthCache:76 - Auth cache not set in the context
2018-03-13 19:10:25 DEBUG RequestProxyAuthentication:88 - Proxy auth state: UNCHALLENGED
2018-03-13 19:10:25 DEBUG DefaultHttpClient:684 - Attempt 1 to execute request
2018-03-13 19:10:25 DEBUG DefaultClientConnection:276 - Sending request: GET /heapunderflow/service/blog/1 HTTP/1.1
2018-03-13 19:10:25 DEBUG wire:72 -  >> "GET /heapunderflow/service/blog/1 HTTP/1.1[\r][\n]"
2018-03-13 19:10:25 DEBUG wire:72 -  >> "Authorization: Basic dXNlcm5hbWU6c2VjcmV0[\r][\n]"
2018-03-13 19:10:25 DEBUG wire:72 -  >> "Accept: */*[\r][\n]"
2018-03-13 19:10:25 DEBUG wire:72 -  >> "Content-Length: 0[\r][\n]"
2018-03-13 19:10:25 DEBUG wire:72 -  >> "Host: 127.0.0.1:8080[\r][\n]"
2018-03-13 19:10:25 DEBUG wire:72 -  >> "Connection: Keep-Alive[\r][\n]"
2018-03-13 19:10:25 DEBUG wire:72 -  >> "User-Agent: Apache-HttpClient/4.5.2 (Java/1.8.0_161)[\r][\n]"
2018-03-13 19:10:25 DEBUG wire:72 -  >> "Accept-Encoding: gzip,deflate[\r][\n]"
2018-03-13 19:10:25 DEBUG wire:72 -  >> "[\r][\n]"
2018-03-13 19:10:25 DEBUG headers:280 - >> GET /heapunderflow/service/blog/1 HTTP/1.1
2018-03-13 19:10:25 DEBUG headers:283 - >> Authorization: Basic dXNlcm5hbWU6c2VjcmV0
2018-03-13 19:10:25 DEBUG headers:283 - >> Accept: */*
2018-03-13 19:10:25 DEBUG headers:283 - >> Content-Length: 0
2018-03-13 19:10:25 DEBUG headers:283 - >> Host: 127.0.0.1:8080
2018-03-13 19:10:25 DEBUG headers:283 - >> Connection: Keep-Alive
2018-03-13 19:10:25 DEBUG headers:283 - >> User-Agent: Apache-HttpClient/4.5.2 (Java/1.8.0_161)
2018-03-13 19:10:25 DEBUG headers:283 - >> Accept-Encoding: gzip,deflate
2018-03-13 19:10:25 DEBUG wire:72 -  << "HTTP/1.1 200 OK[\r][\n]"
2018-03-13 19:10:25 DEBUG wire:72 -  << "Server: Apache-Coyote/1.1[\r][\n]"
2018-03-13 19:10:25 DEBUG wire:72 -  << "Content-Type: application/json[\r][\n]"
2018-03-13 19:10:25 DEBUG wire:72 -  << "Transfer-Encoding: chunked[\r][\n]"
2018-03-13 19:10:25 DEBUG wire:72 -  << "Date: Tue, 13 Mar 2018 13:40:25 GMT[\r][\n]"
2018-03-13 19:10:25 DEBUG wire:72 -  << "[\r][\n]"
2018-03-13 19:10:25 DEBUG DefaultClientConnection:261 - Receiving response: HTTP/1.1 200 OK
2018-03-13 19:10:25 DEBUG headers:264 - << HTTP/1.1 200 OK
2018-03-13 19:10:25 DEBUG headers:267 - << Server: Apache-Coyote/1.1
2018-03-13 19:10:25 DEBUG headers:267 - << Content-Type: application/json
2018-03-13 19:10:25 DEBUG headers:267 - << Transfer-Encoding: chunked
2018-03-13 19:10:25 DEBUG headers:267 - << Date: Tue, 13 Mar 2018 13:40:25 GMT
2018-03-13 19:10:25 DEBUG DefaultHttpClient:511 - Connection can be kept alive indefinitely
2018-03-13 19:10:25 DEBUG RequestSpecificationImpl$RestAssuredHttpBuilder:545 - Parsing response as: application/json
2018-03-13 19:10:25 DEBUG RequestSpecificationImpl$RestAssuredHttpBuilder:548 - Parsed data to instance of: class org.apache.http.conn.EofSensorInputStream
2018-03-13 19:10:25 DEBUG wire:72 -  << "7e[\r][\n]"
2018-03-13 19:10:25 DEBUG wire:86 -  << "{"blogId":1,"blogTitle":"Sample title2","blogAuthor":null,"blogText":"sample desc","blogCreation":1520827811000,"blogLikes":0}"
2018-03-13 19:10:25 DEBUG wire:72 -  << "[\r][\n]"
2018-03-13 19:10:25 DEBUG wire:72 -  << "0[\r][\n]"
2018-03-13 19:10:25 DEBUG wire:72 -  << "[\r][\n]"
2018-03-13 19:10:25 DEBUG BasicClientConnectionManager:203 - Releasing connection org.apache.http.impl.conn.ManagedClientConnectionImpl@2f7a7219
2018-03-13 19:10:25 DEBUG BasicClientConnectionManager:228 - Connection can be kept alive indefinitely
2018-03-13 20:10:46 DEBUG BasicClientConnectionManager:164 - Get connection for route {}->http://127.0.0.1:8080
2018-03-13 20:10:46 DEBUG DefaultClientConnectionOperator:176 - Connecting to 127.0.0.1:8080
2018-03-13 20:10:46 DEBUG RequestAddCookies:122 - CookieSpec selected: ignoreCookies
2018-03-13 20:10:46 DEBUG RequestAuthCache:76 - Auth cache not set in the context
2018-03-13 20:10:46 DEBUG RequestProxyAuthentication:88 - Proxy auth state: UNCHALLENGED
2018-03-13 20:10:46 DEBUG DefaultHttpClient:684 - Attempt 1 to execute request
2018-03-13 20:10:46 DEBUG DefaultClientConnection:276 - Sending request: GET /heapunderflow/service/user/1 HTTP/1.1
2018-03-13 20:10:46 DEBUG wire:72 -  >> "GET /heapunderflow/service/user/1 HTTP/1.1[\r][\n]"
2018-03-13 20:10:46 DEBUG wire:72 -  >> "Authorization: Basic dXNlcm5hbWU6c2VjcmV0[\r][\n]"
2018-03-13 20:10:46 DEBUG wire:72 -  >> "Accept: */*[\r][\n]"
2018-03-13 20:10:46 DEBUG wire:72 -  >> "Content-Length: 0[\r][\n]"
2018-03-13 20:10:46 DEBUG wire:72 -  >> "Host: 127.0.0.1:8080[\r][\n]"
2018-03-13 20:10:46 DEBUG wire:72 -  >> "Connection: Keep-Alive[\r][\n]"
2018-03-13 20:10:46 DEBUG wire:72 -  >> "User-Agent: Apache-HttpClient/4.5.2 (Java/1.8.0_161)[\r][\n]"
2018-03-13 20:10:46 DEBUG wire:72 -  >> "Accept-Encoding: gzip,deflate[\r][\n]"
2018-03-13 20:10:46 DEBUG wire:72 -  >> "[\r][\n]"
2018-03-13 20:10:46 DEBUG headers:280 - >> GET /heapunderflow/service/user/1 HTTP/1.1
2018-03-13 20:10:46 DEBUG headers:283 - >> Authorization: Basic dXNlcm5hbWU6c2VjcmV0
2018-03-13 20:10:46 DEBUG headers:283 - >> Accept: */*
2018-03-13 20:10:46 DEBUG headers:283 - >> Content-Length: 0
2018-03-13 20:10:46 DEBUG headers:283 - >> Host: 127.0.0.1:8080
2018-03-13 20:10:46 DEBUG headers:283 - >> Connection: Keep-Alive
2018-03-13 20:10:46 DEBUG headers:283 - >> User-Agent: Apache-HttpClient/4.5.2 (Java/1.8.0_161)
2018-03-13 20:10:46 DEBUG headers:283 - >> Accept-Encoding: gzip,deflate
2018-03-13 20:10:46 DEBUG wire:72 -  << "HTTP/1.1 200 OK[\r][\n]"
2018-03-13 20:10:46 DEBUG wire:72 -  << "Server: Apache-Coyote/1.1[\r][\n]"
2018-03-13 20:10:46 DEBUG wire:72 -  << "Content-Type: application/json[\r][\n]"
2018-03-13 20:10:46 DEBUG wire:72 -  << "Transfer-Encoding: chunked[\r][\n]"
2018-03-13 20:10:46 DEBUG wire:72 -  << "Date: Tue, 13 Mar 2018 14:40:46 GMT[\r][\n]"
2018-03-13 20:10:46 DEBUG wire:72 -  << "[\r][\n]"
2018-03-13 20:10:46 DEBUG DefaultClientConnection:261 - Receiving response: HTTP/1.1 200 OK
2018-03-13 20:10:46 DEBUG headers:264 - << HTTP/1.1 200 OK
2018-03-13 20:10:46 DEBUG headers:267 - << Server: Apache-Coyote/1.1
2018-03-13 20:10:46 DEBUG headers:267 - << Content-Type: application/json
2018-03-13 20:10:46 DEBUG headers:267 - << Transfer-Encoding: chunked
2018-03-13 20:10:46 DEBUG headers:267 - << Date: Tue, 13 Mar 2018 14:40:46 GMT
2018-03-13 20:10:46 DEBUG DefaultHttpClient:511 - Connection can be kept alive indefinitely
2018-03-13 20:10:46 DEBUG RequestSpecificationImpl$RestAssuredHttpBuilder:545 - Parsing response as: application/json
2018-03-13 20:10:46 DEBUG RequestSpecificationImpl$RestAssuredHttpBuilder:548 - Parsed data to instance of: class org.apache.http.conn.EofSensorInputStream
2018-03-13 20:10:46 DEBUG wire:72 -  << "144[\r][\n]"
2018-03-13 20:10:46 DEBUG wire:86 -  << "{"userId":1,"firstName":"Vibhor","lastName":"Jain","username":"vjcalling","email":"vibhjain@cisco.com","password":"5e884898da28047151d0e56f8dc6292773603d0d6aabbdd62a11ef721d1542d8","userBlogs":[{"blogId":2,"blogTitle":"Sample title3","blogAuthor":"User","blogText":"sample desc","blogCreation":1520828247000,"blogLikes":0}]}"
2018-03-13 20:10:46 DEBUG wire:72 -  << "[\r][\n]"
2018-03-13 20:10:46 DEBUG wire:72 -  << "0[\r][\n]"
2018-03-13 20:10:46 DEBUG wire:72 -  << "[\r][\n]"
2018-03-13 20:10:46 DEBUG BasicClientConnectionManager:203 - Releasing connection org.apache.http.impl.conn.ManagedClientConnectionImpl@784c3487
2018-03-13 20:10:46 DEBUG BasicClientConnectionManager:228 - Connection can be kept alive indefinitely
2018-03-13 20:10:47 DEBUG BasicClientConnectionManager:164 - Get connection for route {}->http://127.0.0.1:8080
2018-03-13 20:10:47 DEBUG DefaultClientConnectionOperator:176 - Connecting to 127.0.0.1:8080
2018-03-13 20:10:47 DEBUG RequestAddCookies:122 - CookieSpec selected: ignoreCookies
2018-03-13 20:10:47 DEBUG RequestAuthCache:76 - Auth cache not set in the context
2018-03-13 20:10:47 DEBUG RequestProxyAuthentication:88 - Proxy auth state: UNCHALLENGED
2018-03-13 20:10:47 DEBUG DefaultHttpClient:684 - Attempt 1 to execute request
2018-03-13 20:10:47 DEBUG DefaultClientConnection:276 - Sending request: GET /heapunderflow/service/user/1 HTTP/1.1
2018-03-13 20:10:47 DEBUG wire:72 -  >> "GET /heapunderflow/service/user/1 HTTP/1.1[\r][\n]"
2018-03-13 20:10:47 DEBUG wire:72 -  >> "Authorization: Basic dXNlcm5hbWU6c2VjcmV0[\r][\n]"
2018-03-13 20:10:47 DEBUG wire:72 -  >> "Accept: */*[\r][\n]"
2018-03-13 20:10:47 DEBUG wire:72 -  >> "Content-Length: 0[\r][\n]"
2018-03-13 20:10:47 DEBUG wire:72 -  >> "Host: 127.0.0.1:8080[\r][\n]"
2018-03-13 20:10:47 DEBUG wire:72 -  >> "Connection: Keep-Alive[\r][\n]"
2018-03-13 20:10:47 DEBUG wire:72 -  >> "User-Agent: Apache-HttpClient/4.5.2 (Java/1.8.0_161)[\r][\n]"
2018-03-13 20:10:47 DEBUG wire:72 -  >> "Accept-Encoding: gzip,deflate[\r][\n]"
2018-03-13 20:10:47 DEBUG wire:72 -  >> "[\r][\n]"
2018-03-13 20:10:47 DEBUG headers:280 - >> GET /heapunderflow/service/user/1 HTTP/1.1
2018-03-13 20:10:47 DEBUG headers:283 - >> Authorization: Basic dXNlcm5hbWU6c2VjcmV0
2018-03-13 20:10:47 DEBUG headers:283 - >> Accept: */*
2018-03-13 20:10:47 DEBUG headers:283 - >> Content-Length: 0
2018-03-13 20:10:47 DEBUG headers:283 - >> Host: 127.0.0.1:8080
2018-03-13 20:10:47 DEBUG headers:283 - >> Connection: Keep-Alive
2018-03-13 20:10:47 DEBUG headers:283 - >> User-Agent: Apache-HttpClient/4.5.2 (Java/1.8.0_161)
2018-03-13 20:10:47 DEBUG headers:283 - >> Accept-Encoding: gzip,deflate
2018-03-13 20:10:48 DEBUG wire:72 -  << "HTTP/1.1 200 OK[\r][\n]"
2018-03-13 20:10:48 DEBUG wire:72 -  << "Server: Apache-Coyote/1.1[\r][\n]"
2018-03-13 20:10:48 DEBUG wire:72 -  << "Content-Type: application/json[\r][\n]"
2018-03-13 20:10:48 DEBUG wire:72 -  << "Transfer-Encoding: chunked[\r][\n]"
2018-03-13 20:10:48 DEBUG wire:72 -  << "Date: Tue, 13 Mar 2018 14:40:48 GMT[\r][\n]"
2018-03-13 20:10:48 DEBUG wire:72 -  << "[\r][\n]"
2018-03-13 20:10:48 DEBUG DefaultClientConnection:261 - Receiving response: HTTP/1.1 200 OK
2018-03-13 20:10:48 DEBUG headers:264 - << HTTP/1.1 200 OK
2018-03-13 20:10:48 DEBUG headers:267 - << Server: Apache-Coyote/1.1
2018-03-13 20:10:48 DEBUG headers:267 - << Content-Type: application/json
2018-03-13 20:10:48 DEBUG headers:267 - << Transfer-Encoding: chunked
2018-03-13 20:10:48 DEBUG headers:267 - << Date: Tue, 13 Mar 2018 14:40:48 GMT
2018-03-13 20:10:48 DEBUG DefaultHttpClient:511 - Connection can be kept alive indefinitely
2018-03-13 20:10:48 DEBUG RequestSpecificationImpl$RestAssuredHttpBuilder:545 - Parsing response as: application/json
2018-03-13 20:10:48 DEBUG RequestSpecificationImpl$RestAssuredHttpBuilder:548 - Parsed data to instance of: class org.apache.http.conn.EofSensorInputStream
2018-03-13 20:10:48 DEBUG wire:72 -  << "144[\r][\n]"
2018-03-13 20:10:48 DEBUG wire:86 -  << "{"userId":1,"firstName":"Vibhor","lastName":"Jain","username":"vjcalling","email":"vibhjain@cisco.com","password":"5e884898da28047151d0e56f8dc6292773603d0d6aabbdd62a11ef721d1542d8","userBlogs":[{"blogId":2,"blogTitle":"Sample title3","blogAuthor":"User","blogText":"sample desc","blogCreation":1520828247000,"blogLikes":0}]}"
2018-03-13 20:10:48 DEBUG wire:72 -  << "[\r][\n]"
2018-03-13 20:10:48 DEBUG wire:72 -  << "0[\r][\n]"
2018-03-13 20:10:48 DEBUG wire:72 -  << "[\r][\n]"
2018-03-13 20:10:48 DEBUG BasicClientConnectionManager:203 - Releasing connection org.apache.http.impl.conn.ManagedClientConnectionImpl@285d851a
2018-03-13 20:10:48 DEBUG BasicClientConnectionManager:228 - Connection can be kept alive indefinitely
2018-03-13 20:10:48 DEBUG BasicClientConnectionManager:164 - Get connection for route {}->http://127.0.0.1:8080
2018-03-13 20:10:48 DEBUG DefaultClientConnectionOperator:176 - Connecting to 127.0.0.1:8080
2018-03-13 20:10:48 DEBUG RequestAddCookies:122 - CookieSpec selected: ignoreCookies
2018-03-13 20:10:48 DEBUG RequestAuthCache:76 - Auth cache not set in the context
2018-03-13 20:10:48 DEBUG RequestProxyAuthentication:88 - Proxy auth state: UNCHALLENGED
2018-03-13 20:10:48 DEBUG DefaultHttpClient:684 - Attempt 1 to execute request
2018-03-13 20:10:48 DEBUG DefaultClientConnection:276 - Sending request: GET /heapunderflow/service/user/1 HTTP/1.1
2018-03-13 20:10:48 DEBUG wire:72 -  >> "GET /heapunderflow/service/user/1 HTTP/1.1[\r][\n]"
2018-03-13 20:10:48 DEBUG wire:72 -  >> "Authorization: Basic dXNlcm5hbWU6c2VjcmV0[\r][\n]"
2018-03-13 20:10:48 DEBUG wire:72 -  >> "Accept: */*[\r][\n]"
2018-03-13 20:10:48 DEBUG wire:72 -  >> "Content-Length: 0[\r][\n]"
2018-03-13 20:10:48 DEBUG wire:72 -  >> "Host: 127.0.0.1:8080[\r][\n]"
2018-03-13 20:10:48 DEBUG wire:72 -  >> "Connection: Keep-Alive[\r][\n]"
2018-03-13 20:10:48 DEBUG wire:72 -  >> "User-Agent: Apache-HttpClient/4.5.2 (Java/1.8.0_161)[\r][\n]"
2018-03-13 20:10:48 DEBUG wire:72 -  >> "Accept-Encoding: gzip,deflate[\r][\n]"
2018-03-13 20:10:48 DEBUG wire:72 -  >> "[\r][\n]"
2018-03-13 20:10:48 DEBUG headers:280 - >> GET /heapunderflow/service/user/1 HTTP/1.1
2018-03-13 20:10:48 DEBUG headers:283 - >> Authorization: Basic dXNlcm5hbWU6c2VjcmV0
2018-03-13 20:10:48 DEBUG headers:283 - >> Accept: */*
2018-03-13 20:10:48 DEBUG headers:283 - >> Content-Length: 0
2018-03-13 20:10:48 DEBUG headers:283 - >> Host: 127.0.0.1:8080
2018-03-13 20:10:48 DEBUG headers:283 - >> Connection: Keep-Alive
2018-03-13 20:10:48 DEBUG headers:283 - >> User-Agent: Apache-HttpClient/4.5.2 (Java/1.8.0_161)
2018-03-13 20:10:48 DEBUG headers:283 - >> Accept-Encoding: gzip,deflate
2018-03-13 20:10:48 DEBUG wire:72 -  << "HTTP/1.1 200 OK[\r][\n]"
2018-03-13 20:10:48 DEBUG wire:72 -  << "Server: Apache-Coyote/1.1[\r][\n]"
2018-03-13 20:10:48 DEBUG wire:72 -  << "Content-Type: application/json[\r][\n]"
2018-03-13 20:10:48 DEBUG wire:72 -  << "Transfer-Encoding: chunked[\r][\n]"
2018-03-13 20:10:48 DEBUG wire:72 -  << "Date: Tue, 13 Mar 2018 14:40:48 GMT[\r][\n]"
2018-03-13 20:10:48 DEBUG wire:72 -  << "[\r][\n]"
2018-03-13 20:10:48 DEBUG DefaultClientConnection:261 - Receiving response: HTTP/1.1 200 OK
2018-03-13 20:10:48 DEBUG headers:264 - << HTTP/1.1 200 OK
2018-03-13 20:10:48 DEBUG headers:267 - << Server: Apache-Coyote/1.1
2018-03-13 20:10:48 DEBUG headers:267 - << Content-Type: application/json
2018-03-13 20:10:48 DEBUG headers:267 - << Transfer-Encoding: chunked
2018-03-13 20:10:48 DEBUG headers:267 - << Date: Tue, 13 Mar 2018 14:40:48 GMT
2018-03-13 20:10:48 DEBUG DefaultHttpClient:511 - Connection can be kept alive indefinitely
2018-03-13 20:10:48 DEBUG RequestSpecificationImpl$RestAssuredHttpBuilder:545 - Parsing response as: application/json
2018-03-13 20:10:48 DEBUG RequestSpecificationImpl$RestAssuredHttpBuilder:548 - Parsed data to instance of: class org.apache.http.conn.EofSensorInputStream
2018-03-13 20:10:48 DEBUG wire:72 -  << "144[\r][\n]"
2018-03-13 20:10:48 DEBUG wire:86 -  << "{"userId":1,"firstName":"Vibhor","lastName":"Jain","username":"vjcalling","email":"vibhjain@cisco.com","password":"5e884898da28047151d0e56f8dc6292773603d0d6aabbdd62a11ef721d1542d8","userBlogs":[{"blogId":2,"blogTitle":"Sample title3","blogAuthor":"User","blogText":"sample desc","blogCreation":1520828247000,"blogLikes":0}]}"
2018-03-13 20:10:48 DEBUG wire:72 -  << "[\r][\n]"
2018-03-13 20:10:48 DEBUG wire:72 -  << "0[\r][\n]"
2018-03-13 20:10:48 DEBUG wire:72 -  << "[\r][\n]"
2018-03-13 20:10:48 DEBUG BasicClientConnectionManager:203 - Releasing connection org.apache.http.impl.conn.ManagedClientConnectionImpl@2416a51
2018-03-13 20:10:48 DEBUG BasicClientConnectionManager:228 - Connection can be kept alive indefinitely
2018-03-13 20:10:48 DEBUG BasicClientConnectionManager:164 - Get connection for route {}->http://127.0.0.1:8080
2018-03-13 20:10:48 DEBUG DefaultClientConnectionOperator:176 - Connecting to 127.0.0.1:8080
2018-03-13 20:10:48 DEBUG RequestAddCookies:122 - CookieSpec selected: ignoreCookies
2018-03-13 20:10:48 DEBUG RequestAuthCache:76 - Auth cache not set in the context
2018-03-13 20:10:48 DEBUG RequestProxyAuthentication:88 - Proxy auth state: UNCHALLENGED
2018-03-13 20:10:48 DEBUG DefaultHttpClient:684 - Attempt 1 to execute request
2018-03-13 20:10:48 DEBUG DefaultClientConnection:276 - Sending request: GET /heapunderflow/service/user/1 HTTP/1.1
2018-03-13 20:10:48 DEBUG wire:72 -  >> "GET /heapunderflow/service/user/1 HTTP/1.1[\r][\n]"
2018-03-13 20:10:48 DEBUG wire:72 -  >> "Authorization: Basic dXNlcm5hbWU6c2VjcmV0[\r][\n]"
2018-03-13 20:10:48 DEBUG wire:72 -  >> "Accept: */*[\r][\n]"
2018-03-13 20:10:48 DEBUG wire:72 -  >> "Content-Length: 0[\r][\n]"
2018-03-13 20:10:48 DEBUG wire:72 -  >> "Host: 127.0.0.1:8080[\r][\n]"
2018-03-13 20:10:48 DEBUG wire:72 -  >> "Connection: Keep-Alive[\r][\n]"
2018-03-13 20:10:48 DEBUG wire:72 -  >> "User-Agent: Apache-HttpClient/4.5.2 (Java/1.8.0_161)[\r][\n]"
2018-03-13 20:10:48 DEBUG wire:72 -  >> "Accept-Encoding: gzip,deflate[\r][\n]"
2018-03-13 20:10:48 DEBUG wire:72 -  >> "[\r][\n]"
2018-03-13 20:10:48 DEBUG headers:280 - >> GET /heapunderflow/service/user/1 HTTP/1.1
2018-03-13 20:10:48 DEBUG headers:283 - >> Authorization: Basic dXNlcm5hbWU6c2VjcmV0
2018-03-13 20:10:48 DEBUG headers:283 - >> Accept: */*
2018-03-13 20:10:48 DEBUG headers:283 - >> Content-Length: 0
2018-03-13 20:10:48 DEBUG headers:283 - >> Host: 127.0.0.1:8080
2018-03-13 20:10:48 DEBUG headers:283 - >> Connection: Keep-Alive
2018-03-13 20:10:48 DEBUG headers:283 - >> User-Agent: Apache-HttpClient/4.5.2 (Java/1.8.0_161)
2018-03-13 20:10:48 DEBUG headers:283 - >> Accept-Encoding: gzip,deflate
2018-03-13 20:10:49 DEBUG wire:72 -  << "HTTP/1.1 200 OK[\r][\n]"
2018-03-13 20:10:49 DEBUG wire:72 -  << "Server: Apache-Coyote/1.1[\r][\n]"
2018-03-13 20:10:49 DEBUG wire:72 -  << "Content-Type: application/json[\r][\n]"
2018-03-13 20:10:49 DEBUG wire:72 -  << "Transfer-Encoding: chunked[\r][\n]"
2018-03-13 20:10:49 DEBUG wire:72 -  << "Date: Tue, 13 Mar 2018 14:40:48 GMT[\r][\n]"
2018-03-13 20:10:49 DEBUG wire:72 -  << "[\r][\n]"
2018-03-13 20:10:49 DEBUG DefaultClientConnection:261 - Receiving response: HTTP/1.1 200 OK
2018-03-13 20:10:49 DEBUG headers:264 - << HTTP/1.1 200 OK
2018-03-13 20:10:49 DEBUG headers:267 - << Server: Apache-Coyote/1.1
2018-03-13 20:10:49 DEBUG headers:267 - << Content-Type: application/json
2018-03-13 20:10:49 DEBUG headers:267 - << Transfer-Encoding: chunked
2018-03-13 20:10:49 DEBUG headers:267 - << Date: Tue, 13 Mar 2018 14:40:48 GMT
2018-03-13 20:10:49 DEBUG DefaultHttpClient:511 - Connection can be kept alive indefinitely
2018-03-13 20:10:49 DEBUG RequestSpecificationImpl$RestAssuredHttpBuilder:545 - Parsing response as: application/json
2018-03-13 20:10:49 DEBUG RequestSpecificationImpl$RestAssuredHttpBuilder:548 - Parsed data to instance of: class org.apache.http.conn.EofSensorInputStream
2018-03-13 20:10:49 DEBUG wire:72 -  << "144[\r][\n]"
2018-03-13 20:10:49 DEBUG wire:86 -  << "{"userId":1,"firstName":"Vibhor","lastName":"Jain","username":"vjcalling","email":"vibhjain@cisco.com","password":"5e884898da28047151d0e56f8dc6292773603d0d6aabbdd62a11ef721d1542d8","userBlogs":[{"blogId":2,"blogTitle":"Sample title3","blogAuthor":"User","blogText":"sample desc","blogCreation":1520828247000,"blogLikes":0}]}"
2018-03-13 20:10:49 DEBUG wire:72 -  << "[\r][\n]"
2018-03-13 20:10:49 DEBUG wire:72 -  << "0[\r][\n]"
2018-03-13 20:10:49 DEBUG wire:72 -  << "[\r][\n]"
2018-03-13 20:10:49 DEBUG BasicClientConnectionManager:203 - Releasing connection org.apache.http.impl.conn.ManagedClientConnectionImpl@6e46d9f4
2018-03-13 20:10:49 DEBUG BasicClientConnectionManager:228 - Connection can be kept alive indefinitely
2018-03-13 20:10:49 DEBUG BasicClientConnectionManager:164 - Get connection for route {}->http://127.0.0.1:8080
2018-03-13 20:10:49 DEBUG DefaultClientConnectionOperator:176 - Connecting to 127.0.0.1:8080
2018-03-13 20:10:49 DEBUG RequestAddCookies:122 - CookieSpec selected: ignoreCookies
2018-03-13 20:10:49 DEBUG RequestAuthCache:76 - Auth cache not set in the context
2018-03-13 20:10:49 DEBUG RequestProxyAuthentication:88 - Proxy auth state: UNCHALLENGED
2018-03-13 20:10:49 DEBUG DefaultHttpClient:684 - Attempt 1 to execute request
2018-03-13 20:10:49 DEBUG DefaultClientConnection:276 - Sending request: GET /heapunderflow/service/blog/2 HTTP/1.1
2018-03-13 20:10:49 DEBUG wire:72 -  >> "GET /heapunderflow/service/blog/2 HTTP/1.1[\r][\n]"
2018-03-13 20:10:49 DEBUG wire:72 -  >> "Authorization: Basic dXNlcm5hbWU6c2VjcmV0[\r][\n]"
2018-03-13 20:10:49 DEBUG wire:72 -  >> "Accept: */*[\r][\n]"
2018-03-13 20:10:49 DEBUG wire:72 -  >> "Content-Length: 0[\r][\n]"
2018-03-13 20:10:49 DEBUG wire:72 -  >> "Host: 127.0.0.1:8080[\r][\n]"
2018-03-13 20:10:49 DEBUG wire:72 -  >> "Connection: Keep-Alive[\r][\n]"
2018-03-13 20:10:49 DEBUG wire:72 -  >> "User-Agent: Apache-HttpClient/4.5.2 (Java/1.8.0_161)[\r][\n]"
2018-03-13 20:10:49 DEBUG wire:72 -  >> "Accept-Encoding: gzip,deflate[\r][\n]"
2018-03-13 20:10:49 DEBUG wire:72 -  >> "[\r][\n]"
2018-03-13 20:10:49 DEBUG headers:280 - >> GET /heapunderflow/service/blog/2 HTTP/1.1
2018-03-13 20:10:49 DEBUG headers:283 - >> Authorization: Basic dXNlcm5hbWU6c2VjcmV0
2018-03-13 20:10:49 DEBUG headers:283 - >> Accept: */*
2018-03-13 20:10:49 DEBUG headers:283 - >> Content-Length: 0
2018-03-13 20:10:49 DEBUG headers:283 - >> Host: 127.0.0.1:8080
2018-03-13 20:10:49 DEBUG headers:283 - >> Connection: Keep-Alive
2018-03-13 20:10:49 DEBUG headers:283 - >> User-Agent: Apache-HttpClient/4.5.2 (Java/1.8.0_161)
2018-03-13 20:10:49 DEBUG headers:283 - >> Accept-Encoding: gzip,deflate
2018-03-13 20:10:50 DEBUG wire:72 -  << "HTTP/1.1 200 OK[\r][\n]"
2018-03-13 20:10:50 DEBUG wire:72 -  << "Server: Apache-Coyote/1.1[\r][\n]"
2018-03-13 20:10:50 DEBUG wire:72 -  << "Content-Type: application/json[\r][\n]"
2018-03-13 20:10:50 DEBUG wire:72 -  << "Transfer-Encoding: chunked[\r][\n]"
2018-03-13 20:10:50 DEBUG wire:72 -  << "Date: Tue, 13 Mar 2018 14:40:50 GMT[\r][\n]"
2018-03-13 20:10:50 DEBUG wire:72 -  << "[\r][\n]"
2018-03-13 20:10:50 DEBUG DefaultClientConnection:261 - Receiving response: HTTP/1.1 200 OK
2018-03-13 20:10:50 DEBUG headers:264 - << HTTP/1.1 200 OK
2018-03-13 20:10:50 DEBUG headers:267 - << Server: Apache-Coyote/1.1
2018-03-13 20:10:50 DEBUG headers:267 - << Content-Type: application/json
2018-03-13 20:10:50 DEBUG headers:267 - << Transfer-Encoding: chunked
2018-03-13 20:10:50 DEBUG headers:267 - << Date: Tue, 13 Mar 2018 14:40:50 GMT
2018-03-13 20:10:50 DEBUG DefaultHttpClient:511 - Connection can be kept alive indefinitely
2018-03-13 20:10:50 DEBUG RequestSpecificationImpl$RestAssuredHttpBuilder:545 - Parsing response as: application/json
2018-03-13 20:10:50 DEBUG RequestSpecificationImpl$RestAssuredHttpBuilder:548 - Parsed data to instance of: class org.apache.http.conn.EofSensorInputStream
2018-03-13 20:10:50 DEBUG wire:72 -  << "80[\r][\n]"
2018-03-13 20:10:50 DEBUG wire:86 -  << "{"blogId":2,"blogTitle":"Sample title3","blogAuthor":"User","blogText":"sample desc","blogCreation":1520828247000,"blogLikes":0}"
2018-03-13 20:10:50 DEBUG wire:72 -  << "[\r][\n]"
2018-03-13 20:10:50 DEBUG wire:72 -  << "0[\r][\n]"
2018-03-13 20:10:50 DEBUG wire:72 -  << "[\r][\n]"
2018-03-13 20:10:50 DEBUG BasicClientConnectionManager:203 - Releasing connection org.apache.http.impl.conn.ManagedClientConnectionImpl@7bb3a9fe
2018-03-13 20:10:50 DEBUG BasicClientConnectionManager:228 - Connection can be kept alive indefinitely
2018-03-13 20:10:50 DEBUG BasicClientConnectionManager:164 - Get connection for route {}->http://127.0.0.1:8080
2018-03-13 20:10:50 DEBUG DefaultClientConnectionOperator:176 - Connecting to 127.0.0.1:8080
2018-03-13 20:10:50 DEBUG RequestAddCookies:122 - CookieSpec selected: ignoreCookies
2018-03-13 20:10:50 DEBUG RequestAuthCache:76 - Auth cache not set in the context
2018-03-13 20:10:50 DEBUG RequestProxyAuthentication:88 - Proxy auth state: UNCHALLENGED
2018-03-13 20:10:50 DEBUG DefaultHttpClient:684 - Attempt 1 to execute request
2018-03-13 20:10:50 DEBUG DefaultClientConnection:276 - Sending request: GET /heapunderflow/service/blog/1 HTTP/1.1
2018-03-13 20:10:50 DEBUG wire:72 -  >> "GET /heapunderflow/service/blog/1 HTTP/1.1[\r][\n]"
2018-03-13 20:10:50 DEBUG wire:72 -  >> "Authorization: Basic dXNlcm5hbWU6c2VjcmV0[\r][\n]"
2018-03-13 20:10:50 DEBUG wire:72 -  >> "Accept: */*[\r][\n]"
2018-03-13 20:10:50 DEBUG wire:72 -  >> "Content-Length: 0[\r][\n]"
2018-03-13 20:10:50 DEBUG wire:72 -  >> "Host: 127.0.0.1:8080[\r][\n]"
2018-03-13 20:10:50 DEBUG wire:72 -  >> "Connection: Keep-Alive[\r][\n]"
2018-03-13 20:10:50 DEBUG wire:72 -  >> "User-Agent: Apache-HttpClient/4.5.2 (Java/1.8.0_161)[\r][\n]"
2018-03-13 20:10:50 DEBUG wire:72 -  >> "Accept-Encoding: gzip,deflate[\r][\n]"
2018-03-13 20:10:50 DEBUG wire:72 -  >> "[\r][\n]"
2018-03-13 20:10:50 DEBUG headers:280 - >> GET /heapunderflow/service/blog/1 HTTP/1.1
2018-03-13 20:10:50 DEBUG headers:283 - >> Authorization: Basic dXNlcm5hbWU6c2VjcmV0
2018-03-13 20:10:50 DEBUG headers:283 - >> Accept: */*
2018-03-13 20:10:50 DEBUG headers:283 - >> Content-Length: 0
2018-03-13 20:10:50 DEBUG headers:283 - >> Host: 127.0.0.1:8080
2018-03-13 20:10:50 DEBUG headers:283 - >> Connection: Keep-Alive
2018-03-13 20:10:50 DEBUG headers:283 - >> User-Agent: Apache-HttpClient/4.5.2 (Java/1.8.0_161)
2018-03-13 20:10:50 DEBUG headers:283 - >> Accept-Encoding: gzip,deflate
2018-03-13 20:10:50 DEBUG wire:72 -  << "HTTP/1.1 200 OK[\r][\n]"
2018-03-13 20:10:50 DEBUG wire:72 -  << "Server: Apache-Coyote/1.1[\r][\n]"
2018-03-13 20:10:50 DEBUG wire:72 -  << "Content-Type: application/json[\r][\n]"
2018-03-13 20:10:50 DEBUG wire:72 -  << "Transfer-Encoding: chunked[\r][\n]"
2018-03-13 20:10:50 DEBUG wire:72 -  << "Date: Tue, 13 Mar 2018 14:40:50 GMT[\r][\n]"
2018-03-13 20:10:50 DEBUG wire:72 -  << "[\r][\n]"
2018-03-13 20:10:50 DEBUG DefaultClientConnection:261 - Receiving response: HTTP/1.1 200 OK
2018-03-13 20:10:50 DEBUG headers:264 - << HTTP/1.1 200 OK
2018-03-13 20:10:50 DEBUG headers:267 - << Server: Apache-Coyote/1.1
2018-03-13 20:10:50 DEBUG headers:267 - << Content-Type: application/json
2018-03-13 20:10:50 DEBUG headers:267 - << Transfer-Encoding: chunked
2018-03-13 20:10:50 DEBUG headers:267 - << Date: Tue, 13 Mar 2018 14:40:50 GMT
2018-03-13 20:10:50 DEBUG DefaultHttpClient:511 - Connection can be kept alive indefinitely
2018-03-13 20:10:50 DEBUG RequestSpecificationImpl$RestAssuredHttpBuilder:545 - Parsing response as: application/json
2018-03-13 20:10:50 DEBUG RequestSpecificationImpl$RestAssuredHttpBuilder:548 - Parsed data to instance of: class org.apache.http.conn.EofSensorInputStream
2018-03-13 20:10:50 DEBUG wire:72 -  << "7e[\r][\n]"
2018-03-13 20:10:50 DEBUG wire:86 -  << "{"blogId":1,"blogTitle":"Sample title2","blogAuthor":null,"blogText":"sample desc","blogCreation":1520827811000,"blogLikes":0}"
2018-03-13 20:10:50 DEBUG wire:72 -  << "[\r][\n]"
2018-03-13 20:10:50 DEBUG wire:72 -  << "0[\r][\n]"
2018-03-13 20:10:50 DEBUG wire:72 -  << "[\r][\n]"
2018-03-13 20:10:50 DEBUG BasicClientConnectionManager:203 - Releasing connection org.apache.http.impl.conn.ManagedClientConnectionImpl@a486d78
2018-03-13 20:10:50 DEBUG BasicClientConnectionManager:228 - Connection can be kept alive indefinitely
2018-03-13 20:10:50 DEBUG root:20 - {
    "blogId": 1,
    "blogTitle": "Sample title2",
    "blogAuthor": null,
    "blogText": "sample desc",
    "blogCreation": 1520827811000,
    "blogLikes": 0
}
2018-03-13 20:10:50 DEBUG BasicClientConnectionManager:164 - Get connection for route {}->http://127.0.0.1:8080
2018-03-13 20:10:50 DEBUG DefaultClientConnectionOperator:176 - Connecting to 127.0.0.1:8080
2018-03-13 20:10:50 DEBUG RequestAddCookies:122 - CookieSpec selected: ignoreCookies
2018-03-13 20:10:50 DEBUG RequestAuthCache:76 - Auth cache not set in the context
2018-03-13 20:10:50 DEBUG RequestProxyAuthentication:88 - Proxy auth state: UNCHALLENGED
2018-03-13 20:10:50 DEBUG DefaultHttpClient:684 - Attempt 1 to execute request
2018-03-13 20:10:50 DEBUG DefaultClientConnection:276 - Sending request: GET /heapunderflow/service/blog/2 HTTP/1.1
2018-03-13 20:10:50 DEBUG wire:72 -  >> "GET /heapunderflow/service/blog/2 HTTP/1.1[\r][\n]"
2018-03-13 20:10:50 DEBUG wire:72 -  >> "Authorization: Basic dXNlcm5hbWU6c2VjcmV0[\r][\n]"
2018-03-13 20:10:50 DEBUG wire:72 -  >> "Accept: */*[\r][\n]"
2018-03-13 20:10:50 DEBUG wire:72 -  >> "Content-Length: 0[\r][\n]"
2018-03-13 20:10:50 DEBUG wire:72 -  >> "Host: 127.0.0.1:8080[\r][\n]"
2018-03-13 20:10:50 DEBUG wire:72 -  >> "Connection: Keep-Alive[\r][\n]"
2018-03-13 20:10:50 DEBUG wire:72 -  >> "User-Agent: Apache-HttpClient/4.5.2 (Java/1.8.0_161)[\r][\n]"
2018-03-13 20:10:50 DEBUG wire:72 -  >> "Accept-Encoding: gzip,deflate[\r][\n]"
2018-03-13 20:10:50 DEBUG wire:72 -  >> "[\r][\n]"
2018-03-13 20:10:50 DEBUG headers:280 - >> GET /heapunderflow/service/blog/2 HTTP/1.1
2018-03-13 20:10:50 DEBUG headers:283 - >> Authorization: Basic dXNlcm5hbWU6c2VjcmV0
2018-03-13 20:10:50 DEBUG headers:283 - >> Accept: */*
2018-03-13 20:10:50 DEBUG headers:283 - >> Content-Length: 0
2018-03-13 20:10:50 DEBUG headers:283 - >> Host: 127.0.0.1:8080
2018-03-13 20:10:50 DEBUG headers:283 - >> Connection: Keep-Alive
2018-03-13 20:10:50 DEBUG headers:283 - >> User-Agent: Apache-HttpClient/4.5.2 (Java/1.8.0_161)
2018-03-13 20:10:50 DEBUG headers:283 - >> Accept-Encoding: gzip,deflate
2018-03-13 20:10:50 DEBUG wire:72 -  << "HTTP/1.1 200 OK[\r][\n]"
2018-03-13 20:10:50 DEBUG wire:72 -  << "Server: Apache-Coyote/1.1[\r][\n]"
2018-03-13 20:10:50 DEBUG wire:72 -  << "Content-Type: application/json[\r][\n]"
2018-03-13 20:10:50 DEBUG wire:72 -  << "Transfer-Encoding: chunked[\r][\n]"
2018-03-13 20:10:50 DEBUG wire:72 -  << "Date: Tue, 13 Mar 2018 14:40:50 GMT[\r][\n]"
2018-03-13 20:10:50 DEBUG wire:72 -  << "[\r][\n]"
2018-03-13 20:10:50 DEBUG DefaultClientConnection:261 - Receiving response: HTTP/1.1 200 OK
2018-03-13 20:10:50 DEBUG headers:264 - << HTTP/1.1 200 OK
2018-03-13 20:10:50 DEBUG headers:267 - << Server: Apache-Coyote/1.1
2018-03-13 20:10:50 DEBUG headers:267 - << Content-Type: application/json
2018-03-13 20:10:50 DEBUG headers:267 - << Transfer-Encoding: chunked
2018-03-13 20:10:50 DEBUG headers:267 - << Date: Tue, 13 Mar 2018 14:40:50 GMT
2018-03-13 20:10:50 DEBUG DefaultHttpClient:511 - Connection can be kept alive indefinitely
2018-03-13 20:10:50 DEBUG RequestSpecificationImpl$RestAssuredHttpBuilder:545 - Parsing response as: application/json
2018-03-13 20:10:50 DEBUG RequestSpecificationImpl$RestAssuredHttpBuilder:548 - Parsed data to instance of: class org.apache.http.conn.EofSensorInputStream
2018-03-13 20:10:50 DEBUG wire:72 -  << "80[\r][\n]"
2018-03-13 20:10:50 DEBUG wire:86 -  << "{"blogId":2,"blogTitle":"Sample title3","blogAuthor":"User","blogText":"sample desc","blogCreation":1520828247000,"blogLikes":0}"
2018-03-13 20:10:50 DEBUG wire:72 -  << "[\r][\n]"
2018-03-13 20:10:50 DEBUG wire:72 -  << "0[\r][\n]"
2018-03-13 20:10:50 DEBUG wire:72 -  << "[\r][\n]"
2018-03-13 20:10:50 DEBUG BasicClientConnectionManager:203 - Releasing connection org.apache.http.impl.conn.ManagedClientConnectionImpl@3bffddff
2018-03-13 20:10:50 DEBUG BasicClientConnectionManager:228 - Connection can be kept alive indefinitely
2018-03-13 20:10:50 DEBUG BasicClientConnectionManager:164 - Get connection for route {}->http://127.0.0.1:8080
2018-03-13 20:10:50 DEBUG DefaultClientConnectionOperator:176 - Connecting to 127.0.0.1:8080
2018-03-13 20:10:50 DEBUG RequestAddCookies:122 - CookieSpec selected: ignoreCookies
2018-03-13 20:10:50 DEBUG RequestAuthCache:76 - Auth cache not set in the context
2018-03-13 20:10:50 DEBUG RequestProxyAuthentication:88 - Proxy auth state: UNCHALLENGED
2018-03-13 20:10:50 DEBUG DefaultHttpClient:684 - Attempt 1 to execute request
2018-03-13 20:10:50 DEBUG DefaultClientConnection:276 - Sending request: GET /heapunderflow/service/blog/1 HTTP/1.1
2018-03-13 20:10:50 DEBUG wire:72 -  >> "GET /heapunderflow/service/blog/1 HTTP/1.1[\r][\n]"
2018-03-13 20:10:50 DEBUG wire:72 -  >> "Authorization: Basic dXNlcm5hbWU6c2VjcmV0[\r][\n]"
2018-03-13 20:10:50 DEBUG wire:72 -  >> "Accept: */*[\r][\n]"
2018-03-13 20:10:50 DEBUG wire:72 -  >> "Content-Length: 0[\r][\n]"
2018-03-13 20:10:50 DEBUG wire:72 -  >> "Host: 127.0.0.1:8080[\r][\n]"
2018-03-13 20:10:50 DEBUG wire:72 -  >> "Connection: Keep-Alive[\r][\n]"
2018-03-13 20:10:50 DEBUG wire:72 -  >> "User-Agent: Apache-HttpClient/4.5.2 (Java/1.8.0_161)[\r][\n]"
2018-03-13 20:10:50 DEBUG wire:72 -  >> "Accept-Encoding: gzip,deflate[\r][\n]"
2018-03-13 20:10:50 DEBUG wire:72 -  >> "[\r][\n]"
2018-03-13 20:10:50 DEBUG headers:280 - >> GET /heapunderflow/service/blog/1 HTTP/1.1
2018-03-13 20:10:50 DEBUG headers:283 - >> Authorization: Basic dXNlcm5hbWU6c2VjcmV0
2018-03-13 20:10:50 DEBUG headers:283 - >> Accept: */*
2018-03-13 20:10:50 DEBUG headers:283 - >> Content-Length: 0
2018-03-13 20:10:50 DEBUG headers:283 - >> Host: 127.0.0.1:8080
2018-03-13 20:10:50 DEBUG headers:283 - >> Connection: Keep-Alive
2018-03-13 20:10:50 DEBUG headers:283 - >> User-Agent: Apache-HttpClient/4.5.2 (Java/1.8.0_161)
2018-03-13 20:10:50 DEBUG headers:283 - >> Accept-Encoding: gzip,deflate
2018-03-13 20:10:50 DEBUG wire:72 -  << "HTTP/1.1 200 OK[\r][\n]"
2018-03-13 20:10:50 DEBUG wire:72 -  << "Server: Apache-Coyote/1.1[\r][\n]"
2018-03-13 20:10:50 DEBUG wire:72 -  << "Content-Type: application/json[\r][\n]"
2018-03-13 20:10:50 DEBUG wire:72 -  << "Transfer-Encoding: chunked[\r][\n]"
2018-03-13 20:10:50 DEBUG wire:72 -  << "Date: Tue, 13 Mar 2018 14:40:50 GMT[\r][\n]"
2018-03-13 20:10:50 DEBUG wire:72 -  << "[\r][\n]"
2018-03-13 20:10:50 DEBUG DefaultClientConnection:261 - Receiving response: HTTP/1.1 200 OK
2018-03-13 20:10:50 DEBUG headers:264 - << HTTP/1.1 200 OK
2018-03-13 20:10:50 DEBUG headers:267 - << Server: Apache-Coyote/1.1
2018-03-13 20:10:50 DEBUG headers:267 - << Content-Type: application/json
2018-03-13 20:10:50 DEBUG headers:267 - << Transfer-Encoding: chunked
2018-03-13 20:10:50 DEBUG headers:267 - << Date: Tue, 13 Mar 2018 14:40:50 GMT
2018-03-13 20:10:50 DEBUG DefaultHttpClient:511 - Connection can be kept alive indefinitely
2018-03-13 20:10:50 DEBUG RequestSpecificationImpl$RestAssuredHttpBuilder:545 - Parsing response as: application/json
2018-03-13 20:10:50 DEBUG RequestSpecificationImpl$RestAssuredHttpBuilder:548 - Parsed data to instance of: class org.apache.http.conn.EofSensorInputStream
2018-03-13 20:10:50 DEBUG wire:72 -  << "7e[\r][\n]"
2018-03-13 20:10:50 DEBUG wire:86 -  << "{"blogId":1,"blogTitle":"Sample title2","blogAuthor":null,"blogText":"sample desc","blogCreation":1520827811000,"blogLikes":0}"
2018-03-13 20:10:50 DEBUG wire:72 -  << "[\r][\n]"
2018-03-13 20:10:50 DEBUG wire:72 -  << "0[\r][\n]"
2018-03-13 20:10:50 DEBUG wire:72 -  << "[\r][\n]"
2018-03-13 20:10:50 DEBUG BasicClientConnectionManager:203 - Releasing connection org.apache.http.impl.conn.ManagedClientConnectionImpl@22c86919
2018-03-13 20:10:50 DEBUG BasicClientConnectionManager:228 - Connection can be kept alive indefinitely
2018-03-13 20:12:05 DEBUG BasicClientConnectionManager:164 - Get connection for route {}->http://127.0.0.1:8080
2018-03-13 20:12:05 DEBUG DefaultClientConnectionOperator:176 - Connecting to 127.0.0.1:8080
2018-03-13 20:12:05 DEBUG RequestAddCookies:122 - CookieSpec selected: ignoreCookies
2018-03-13 20:12:05 DEBUG RequestAuthCache:76 - Auth cache not set in the context
2018-03-13 20:12:05 DEBUG RequestProxyAuthentication:88 - Proxy auth state: UNCHALLENGED
2018-03-13 20:12:05 DEBUG DefaultHttpClient:684 - Attempt 1 to execute request
2018-03-13 20:12:05 DEBUG DefaultClientConnection:276 - Sending request: GET /heapunderflow/service/user/1 HTTP/1.1
2018-03-13 20:12:05 DEBUG wire:72 -  >> "GET /heapunderflow/service/user/1 HTTP/1.1[\r][\n]"
2018-03-13 20:12:05 DEBUG wire:72 -  >> "Authorization: Basic dXNlcm5hbWU6c2VjcmV0[\r][\n]"
2018-03-13 20:12:05 DEBUG wire:72 -  >> "Accept: */*[\r][\n]"
2018-03-13 20:12:05 DEBUG wire:72 -  >> "Content-Length: 0[\r][\n]"
2018-03-13 20:12:05 DEBUG wire:72 -  >> "Host: 127.0.0.1:8080[\r][\n]"
2018-03-13 20:12:05 DEBUG wire:72 -  >> "Connection: Keep-Alive[\r][\n]"
2018-03-13 20:12:05 DEBUG wire:72 -  >> "User-Agent: Apache-HttpClient/4.5.2 (Java/1.8.0_161)[\r][\n]"
2018-03-13 20:12:05 DEBUG wire:72 -  >> "Accept-Encoding: gzip,deflate[\r][\n]"
2018-03-13 20:12:05 DEBUG wire:72 -  >> "[\r][\n]"
2018-03-13 20:12:05 DEBUG headers:280 - >> GET /heapunderflow/service/user/1 HTTP/1.1
2018-03-13 20:12:05 DEBUG headers:283 - >> Authorization: Basic dXNlcm5hbWU6c2VjcmV0
2018-03-13 20:12:05 DEBUG headers:283 - >> Accept: */*
2018-03-13 20:12:05 DEBUG headers:283 - >> Content-Length: 0
2018-03-13 20:12:05 DEBUG headers:283 - >> Host: 127.0.0.1:8080
2018-03-13 20:12:05 DEBUG headers:283 - >> Connection: Keep-Alive
2018-03-13 20:12:05 DEBUG headers:283 - >> User-Agent: Apache-HttpClient/4.5.2 (Java/1.8.0_161)
2018-03-13 20:12:05 DEBUG headers:283 - >> Accept-Encoding: gzip,deflate
2018-03-13 20:12:06 DEBUG wire:72 -  << "HTTP/1.1 200 OK[\r][\n]"
2018-03-13 20:12:06 DEBUG wire:72 -  << "Server: Apache-Coyote/1.1[\r][\n]"
2018-03-13 20:12:06 DEBUG wire:72 -  << "Content-Type: application/json[\r][\n]"
2018-03-13 20:12:06 DEBUG wire:72 -  << "Transfer-Encoding: chunked[\r][\n]"
2018-03-13 20:12:06 DEBUG wire:72 -  << "Date: Tue, 13 Mar 2018 14:42:06 GMT[\r][\n]"
2018-03-13 20:12:06 DEBUG wire:72 -  << "[\r][\n]"
2018-03-13 20:12:06 DEBUG DefaultClientConnection:261 - Receiving response: HTTP/1.1 200 OK
2018-03-13 20:12:06 DEBUG headers:264 - << HTTP/1.1 200 OK
2018-03-13 20:12:06 DEBUG headers:267 - << Server: Apache-Coyote/1.1
2018-03-13 20:12:06 DEBUG headers:267 - << Content-Type: application/json
2018-03-13 20:12:06 DEBUG headers:267 - << Transfer-Encoding: chunked
2018-03-13 20:12:06 DEBUG headers:267 - << Date: Tue, 13 Mar 2018 14:42:06 GMT
2018-03-13 20:12:06 DEBUG DefaultHttpClient:511 - Connection can be kept alive indefinitely
2018-03-13 20:12:06 DEBUG RequestSpecificationImpl$RestAssuredHttpBuilder:545 - Parsing response as: application/json
2018-03-13 20:12:06 DEBUG RequestSpecificationImpl$RestAssuredHttpBuilder:548 - Parsed data to instance of: class org.apache.http.conn.EofSensorInputStream
2018-03-13 20:12:06 DEBUG wire:72 -  << "144[\r][\n]"
2018-03-13 20:12:06 DEBUG wire:86 -  << "{"userId":1,"firstName":"Vibhor","lastName":"Jain","username":"vjcalling","email":"vibhjain@cisco.com","password":"5e884898da28047151d0e56f8dc6292773603d0d6aabbdd62a11ef721d1542d8","userBlogs":[{"blogId":2,"blogTitle":"Sample title3","blogAuthor":"User","blogText":"sample desc","blogCreation":1520828247000,"blogLikes":0}]}"
2018-03-13 20:12:06 DEBUG wire:72 -  << "[\r][\n]"
2018-03-13 20:12:06 DEBUG wire:72 -  << "0[\r][\n]"
2018-03-13 20:12:06 DEBUG wire:72 -  << "[\r][\n]"
2018-03-13 20:12:06 DEBUG BasicClientConnectionManager:203 - Releasing connection org.apache.http.impl.conn.ManagedClientConnectionImpl@784c3487
2018-03-13 20:12:06 DEBUG BasicClientConnectionManager:228 - Connection can be kept alive indefinitely
2018-03-13 20:12:07 DEBUG BasicClientConnectionManager:164 - Get connection for route {}->http://127.0.0.1:8080
2018-03-13 20:12:07 DEBUG DefaultClientConnectionOperator:176 - Connecting to 127.0.0.1:8080
2018-03-13 20:12:07 DEBUG RequestAddCookies:122 - CookieSpec selected: ignoreCookies
2018-03-13 20:12:07 DEBUG RequestAuthCache:76 - Auth cache not set in the context
2018-03-13 20:12:07 DEBUG RequestProxyAuthentication:88 - Proxy auth state: UNCHALLENGED
2018-03-13 20:12:07 DEBUG DefaultHttpClient:684 - Attempt 1 to execute request
2018-03-13 20:12:07 DEBUG DefaultClientConnection:276 - Sending request: GET /heapunderflow/service/user/1 HTTP/1.1
2018-03-13 20:12:07 DEBUG wire:72 -  >> "GET /heapunderflow/service/user/1 HTTP/1.1[\r][\n]"
2018-03-13 20:12:07 DEBUG wire:72 -  >> "Authorization: Basic dXNlcm5hbWU6c2VjcmV0[\r][\n]"
2018-03-13 20:12:07 DEBUG wire:72 -  >> "Accept: */*[\r][\n]"
2018-03-13 20:12:07 DEBUG wire:72 -  >> "Content-Length: 0[\r][\n]"
2018-03-13 20:12:07 DEBUG wire:72 -  >> "Host: 127.0.0.1:8080[\r][\n]"
2018-03-13 20:12:07 DEBUG wire:72 -  >> "Connection: Keep-Alive[\r][\n]"
2018-03-13 20:12:07 DEBUG wire:72 -  >> "User-Agent: Apache-HttpClient/4.5.2 (Java/1.8.0_161)[\r][\n]"
2018-03-13 20:12:07 DEBUG wire:72 -  >> "Accept-Encoding: gzip,deflate[\r][\n]"
2018-03-13 20:12:07 DEBUG wire:72 -  >> "[\r][\n]"
2018-03-13 20:12:07 DEBUG headers:280 - >> GET /heapunderflow/service/user/1 HTTP/1.1
2018-03-13 20:12:07 DEBUG headers:283 - >> Authorization: Basic dXNlcm5hbWU6c2VjcmV0
2018-03-13 20:12:07 DEBUG headers:283 - >> Accept: */*
2018-03-13 20:12:07 DEBUG headers:283 - >> Content-Length: 0
2018-03-13 20:12:07 DEBUG headers:283 - >> Host: 127.0.0.1:8080
2018-03-13 20:12:07 DEBUG headers:283 - >> Connection: Keep-Alive
2018-03-13 20:12:07 DEBUG headers:283 - >> User-Agent: Apache-HttpClient/4.5.2 (Java/1.8.0_161)
2018-03-13 20:12:07 DEBUG headers:283 - >> Accept-Encoding: gzip,deflate
2018-03-13 20:12:07 DEBUG wire:72 -  << "HTTP/1.1 200 OK[\r][\n]"
2018-03-13 20:12:07 DEBUG wire:72 -  << "Server: Apache-Coyote/1.1[\r][\n]"
2018-03-13 20:12:07 DEBUG wire:72 -  << "Content-Type: application/json[\r][\n]"
2018-03-13 20:12:07 DEBUG wire:72 -  << "Transfer-Encoding: chunked[\r][\n]"
2018-03-13 20:12:07 DEBUG wire:72 -  << "Date: Tue, 13 Mar 2018 14:42:07 GMT[\r][\n]"
2018-03-13 20:12:07 DEBUG wire:72 -  << "[\r][\n]"
2018-03-13 20:12:07 DEBUG DefaultClientConnection:261 - Receiving response: HTTP/1.1 200 OK
2018-03-13 20:12:07 DEBUG headers:264 - << HTTP/1.1 200 OK
2018-03-13 20:12:07 DEBUG headers:267 - << Server: Apache-Coyote/1.1
2018-03-13 20:12:07 DEBUG headers:267 - << Content-Type: application/json
2018-03-13 20:12:07 DEBUG headers:267 - << Transfer-Encoding: chunked
2018-03-13 20:12:07 DEBUG headers:267 - << Date: Tue, 13 Mar 2018 14:42:07 GMT
2018-03-13 20:12:07 DEBUG DefaultHttpClient:511 - Connection can be kept alive indefinitely
2018-03-13 20:12:07 DEBUG RequestSpecificationImpl$RestAssuredHttpBuilder:545 - Parsing response as: application/json
2018-03-13 20:12:07 DEBUG RequestSpecificationImpl$RestAssuredHttpBuilder:548 - Parsed data to instance of: class org.apache.http.conn.EofSensorInputStream
2018-03-13 20:12:07 DEBUG wire:72 -  << "144[\r][\n]"
2018-03-13 20:12:07 DEBUG wire:86 -  << "{"userId":1,"firstName":"Vibhor","lastName":"Jain","username":"vjcalling","email":"vibhjain@cisco.com","password":"5e884898da28047151d0e56f8dc6292773603d0d6aabbdd62a11ef721d1542d8","userBlogs":[{"blogId":2,"blogTitle":"Sample title3","blogAuthor":"User","blogText":"sample desc","blogCreation":1520828247000,"blogLikes":0}]}"
2018-03-13 20:12:07 DEBUG wire:72 -  << "[\r][\n]"
2018-03-13 20:12:07 DEBUG wire:72 -  << "0[\r][\n]"
2018-03-13 20:12:07 DEBUG wire:72 -  << "[\r][\n]"
2018-03-13 20:12:07 DEBUG BasicClientConnectionManager:203 - Releasing connection org.apache.http.impl.conn.ManagedClientConnectionImpl@285d851a
2018-03-13 20:12:07 DEBUG BasicClientConnectionManager:228 - Connection can be kept alive indefinitely
2018-03-13 20:12:07 DEBUG BasicClientConnectionManager:164 - Get connection for route {}->http://127.0.0.1:8080
2018-03-13 20:12:07 DEBUG DefaultClientConnectionOperator:176 - Connecting to 127.0.0.1:8080
2018-03-13 20:12:07 DEBUG RequestAddCookies:122 - CookieSpec selected: ignoreCookies
2018-03-13 20:12:07 DEBUG RequestAuthCache:76 - Auth cache not set in the context
2018-03-13 20:12:07 DEBUG RequestProxyAuthentication:88 - Proxy auth state: UNCHALLENGED
2018-03-13 20:12:07 DEBUG DefaultHttpClient:684 - Attempt 1 to execute request
2018-03-13 20:12:07 DEBUG DefaultClientConnection:276 - Sending request: GET /heapunderflow/service/user/1 HTTP/1.1
2018-03-13 20:12:07 DEBUG wire:72 -  >> "GET /heapunderflow/service/user/1 HTTP/1.1[\r][\n]"
2018-03-13 20:12:07 DEBUG wire:72 -  >> "Authorization: Basic dXNlcm5hbWU6c2VjcmV0[\r][\n]"
2018-03-13 20:12:07 DEBUG wire:72 -  >> "Accept: */*[\r][\n]"
2018-03-13 20:12:07 DEBUG wire:72 -  >> "Content-Length: 0[\r][\n]"
2018-03-13 20:12:07 DEBUG wire:72 -  >> "Host: 127.0.0.1:8080[\r][\n]"
2018-03-13 20:12:07 DEBUG wire:72 -  >> "Connection: Keep-Alive[\r][\n]"
2018-03-13 20:12:07 DEBUG wire:72 -  >> "User-Agent: Apache-HttpClient/4.5.2 (Java/1.8.0_161)[\r][\n]"
2018-03-13 20:12:07 DEBUG wire:72 -  >> "Accept-Encoding: gzip,deflate[\r][\n]"
2018-03-13 20:12:07 DEBUG wire:72 -  >> "[\r][\n]"
2018-03-13 20:12:07 DEBUG headers:280 - >> GET /heapunderflow/service/user/1 HTTP/1.1
2018-03-13 20:12:07 DEBUG headers:283 - >> Authorization: Basic dXNlcm5hbWU6c2VjcmV0
2018-03-13 20:12:07 DEBUG headers:283 - >> Accept: */*
2018-03-13 20:12:07 DEBUG headers:283 - >> Content-Length: 0
2018-03-13 20:12:07 DEBUG headers:283 - >> Host: 127.0.0.1:8080
2018-03-13 20:12:07 DEBUG headers:283 - >> Connection: Keep-Alive
2018-03-13 20:12:07 DEBUG headers:283 - >> User-Agent: Apache-HttpClient/4.5.2 (Java/1.8.0_161)
2018-03-13 20:12:07 DEBUG headers:283 - >> Accept-Encoding: gzip,deflate
2018-03-13 20:12:07 DEBUG wire:72 -  << "HTTP/1.1 200 OK[\r][\n]"
2018-03-13 20:12:07 DEBUG wire:72 -  << "Server: Apache-Coyote/1.1[\r][\n]"
2018-03-13 20:12:07 DEBUG wire:72 -  << "Content-Type: application/json[\r][\n]"
2018-03-13 20:12:07 DEBUG wire:72 -  << "Transfer-Encoding: chunked[\r][\n]"
2018-03-13 20:12:07 DEBUG wire:72 -  << "Date: Tue, 13 Mar 2018 14:42:07 GMT[\r][\n]"
2018-03-13 20:12:07 DEBUG wire:72 -  << "[\r][\n]"
2018-03-13 20:12:07 DEBUG DefaultClientConnection:261 - Receiving response: HTTP/1.1 200 OK
2018-03-13 20:12:07 DEBUG headers:264 - << HTTP/1.1 200 OK
2018-03-13 20:12:07 DEBUG headers:267 - << Server: Apache-Coyote/1.1
2018-03-13 20:12:07 DEBUG headers:267 - << Content-Type: application/json
2018-03-13 20:12:07 DEBUG headers:267 - << Transfer-Encoding: chunked
2018-03-13 20:12:07 DEBUG headers:267 - << Date: Tue, 13 Mar 2018 14:42:07 GMT
2018-03-13 20:12:07 DEBUG DefaultHttpClient:511 - Connection can be kept alive indefinitely
2018-03-13 20:12:07 DEBUG RequestSpecificationImpl$RestAssuredHttpBuilder:545 - Parsing response as: application/json
2018-03-13 20:12:07 DEBUG RequestSpecificationImpl$RestAssuredHttpBuilder:548 - Parsed data to instance of: class org.apache.http.conn.EofSensorInputStream
2018-03-13 20:12:07 DEBUG wire:72 -  << "144[\r][\n]"
2018-03-13 20:12:07 DEBUG wire:86 -  << "{"userId":1,"firstName":"Vibhor","lastName":"Jain","username":"vjcalling","email":"vibhjain@cisco.com","password":"5e884898da28047151d0e56f8dc6292773603d0d6aabbdd62a11ef721d1542d8","userBlogs":[{"blogId":2,"blogTitle":"Sample title3","blogAuthor":"User","blogText":"sample desc","blogCreation":1520828247000,"blogLikes":0}]}"
2018-03-13 20:12:07 DEBUG wire:72 -  << "[\r][\n]"
2018-03-13 20:12:07 DEBUG wire:72 -  << "0[\r][\n]"
2018-03-13 20:12:07 DEBUG wire:72 -  << "[\r][\n]"
2018-03-13 20:12:07 DEBUG BasicClientConnectionManager:203 - Releasing connection org.apache.http.impl.conn.ManagedClientConnectionImpl@2416a51
2018-03-13 20:12:07 DEBUG BasicClientConnectionManager:228 - Connection can be kept alive indefinitely
2018-03-13 20:12:07 DEBUG BasicClientConnectionManager:164 - Get connection for route {}->http://127.0.0.1:8080
2018-03-13 20:12:07 DEBUG DefaultClientConnectionOperator:176 - Connecting to 127.0.0.1:8080
2018-03-13 20:12:07 DEBUG RequestAddCookies:122 - CookieSpec selected: ignoreCookies
2018-03-13 20:12:07 DEBUG RequestAuthCache:76 - Auth cache not set in the context
2018-03-13 20:12:07 DEBUG RequestProxyAuthentication:88 - Proxy auth state: UNCHALLENGED
2018-03-13 20:12:07 DEBUG DefaultHttpClient:684 - Attempt 1 to execute request
2018-03-13 20:12:07 DEBUG DefaultClientConnection:276 - Sending request: GET /heapunderflow/service/user/1 HTTP/1.1
2018-03-13 20:12:07 DEBUG wire:72 -  >> "GET /heapunderflow/service/user/1 HTTP/1.1[\r][\n]"
2018-03-13 20:12:07 DEBUG wire:72 -  >> "Authorization: Basic dXNlcm5hbWU6c2VjcmV0[\r][\n]"
2018-03-13 20:12:07 DEBUG wire:72 -  >> "Accept: */*[\r][\n]"
2018-03-13 20:12:07 DEBUG wire:72 -  >> "Content-Length: 0[\r][\n]"
2018-03-13 20:12:07 DEBUG wire:72 -  >> "Host: 127.0.0.1:8080[\r][\n]"
2018-03-13 20:12:07 DEBUG wire:72 -  >> "Connection: Keep-Alive[\r][\n]"
2018-03-13 20:12:07 DEBUG wire:72 -  >> "User-Agent: Apache-HttpClient/4.5.2 (Java/1.8.0_161)[\r][\n]"
2018-03-13 20:12:07 DEBUG wire:72 -  >> "Accept-Encoding: gzip,deflate[\r][\n]"
2018-03-13 20:12:07 DEBUG wire:72 -  >> "[\r][\n]"
2018-03-13 20:12:07 DEBUG headers:280 - >> GET /heapunderflow/service/user/1 HTTP/1.1
2018-03-13 20:12:07 DEBUG headers:283 - >> Authorization: Basic dXNlcm5hbWU6c2VjcmV0
2018-03-13 20:12:07 DEBUG headers:283 - >> Accept: */*
2018-03-13 20:12:07 DEBUG headers:283 - >> Content-Length: 0
2018-03-13 20:12:07 DEBUG headers:283 - >> Host: 127.0.0.1:8080
2018-03-13 20:12:07 DEBUG headers:283 - >> Connection: Keep-Alive
2018-03-13 20:12:07 DEBUG headers:283 - >> User-Agent: Apache-HttpClient/4.5.2 (Java/1.8.0_161)
2018-03-13 20:12:07 DEBUG headers:283 - >> Accept-Encoding: gzip,deflate
2018-03-13 20:12:07 DEBUG wire:72 -  << "HTTP/1.1 200 OK[\r][\n]"
2018-03-13 20:12:07 DEBUG wire:72 -  << "Server: Apache-Coyote/1.1[\r][\n]"
2018-03-13 20:12:07 DEBUG wire:72 -  << "Content-Type: application/json[\r][\n]"
2018-03-13 20:12:07 DEBUG wire:72 -  << "Transfer-Encoding: chunked[\r][\n]"
2018-03-13 20:12:07 DEBUG wire:72 -  << "Date: Tue, 13 Mar 2018 14:42:07 GMT[\r][\n]"
2018-03-13 20:12:07 DEBUG wire:72 -  << "[\r][\n]"
2018-03-13 20:12:07 DEBUG DefaultClientConnection:261 - Receiving response: HTTP/1.1 200 OK
2018-03-13 20:12:07 DEBUG headers:264 - << HTTP/1.1 200 OK
2018-03-13 20:12:07 DEBUG headers:267 - << Server: Apache-Coyote/1.1
2018-03-13 20:12:07 DEBUG headers:267 - << Content-Type: application/json
2018-03-13 20:12:07 DEBUG headers:267 - << Transfer-Encoding: chunked
2018-03-13 20:12:07 DEBUG headers:267 - << Date: Tue, 13 Mar 2018 14:42:07 GMT
2018-03-13 20:12:07 DEBUG DefaultHttpClient:511 - Connection can be kept alive indefinitely
2018-03-13 20:12:07 DEBUG RequestSpecificationImpl$RestAssuredHttpBuilder:545 - Parsing response as: application/json
2018-03-13 20:12:07 DEBUG RequestSpecificationImpl$RestAssuredHttpBuilder:548 - Parsed data to instance of: class org.apache.http.conn.EofSensorInputStream
2018-03-13 20:12:07 DEBUG wire:72 -  << "144[\r][\n]"
2018-03-13 20:12:07 DEBUG wire:86 -  << "{"userId":1,"firstName":"Vibhor","lastName":"Jain","username":"vjcalling","email":"vibhjain@cisco.com","password":"5e884898da28047151d0e56f8dc6292773603d0d6aabbdd62a11ef721d1542d8","userBlogs":[{"blogId":2,"blogTitle":"Sample title3","blogAuthor":"User","blogText":"sample desc","blogCreation":1520828247000,"blogLikes":0}]}"
2018-03-13 20:12:07 DEBUG wire:72 -  << "[\r][\n]"
2018-03-13 20:12:07 DEBUG wire:72 -  << "0[\r][\n]"
2018-03-13 20:12:07 DEBUG wire:72 -  << "[\r][\n]"
2018-03-13 20:12:07 DEBUG BasicClientConnectionManager:203 - Releasing connection org.apache.http.impl.conn.ManagedClientConnectionImpl@6e46d9f4
2018-03-13 20:12:07 DEBUG BasicClientConnectionManager:228 - Connection can be kept alive indefinitely
2018-03-13 20:12:08 DEBUG BasicClientConnectionManager:164 - Get connection for route {}->http://127.0.0.1:8080
2018-03-13 20:12:08 DEBUG DefaultClientConnectionOperator:176 - Connecting to 127.0.0.1:8080
2018-03-13 20:12:08 DEBUG RequestAddCookies:122 - CookieSpec selected: ignoreCookies
2018-03-13 20:12:08 DEBUG RequestAuthCache:76 - Auth cache not set in the context
2018-03-13 20:12:08 DEBUG RequestProxyAuthentication:88 - Proxy auth state: UNCHALLENGED
2018-03-13 20:12:08 DEBUG DefaultHttpClient:684 - Attempt 1 to execute request
2018-03-13 20:12:08 DEBUG DefaultClientConnection:276 - Sending request: GET /heapunderflow/service/blog/2 HTTP/1.1
2018-03-13 20:12:08 DEBUG wire:72 -  >> "GET /heapunderflow/service/blog/2 HTTP/1.1[\r][\n]"
2018-03-13 20:12:08 DEBUG wire:72 -  >> "Authorization: Basic dXNlcm5hbWU6c2VjcmV0[\r][\n]"
2018-03-13 20:12:08 DEBUG wire:72 -  >> "Accept: */*[\r][\n]"
2018-03-13 20:12:08 DEBUG wire:72 -  >> "Content-Length: 0[\r][\n]"
2018-03-13 20:12:08 DEBUG wire:72 -  >> "Host: 127.0.0.1:8080[\r][\n]"
2018-03-13 20:12:08 DEBUG wire:72 -  >> "Connection: Keep-Alive[\r][\n]"
2018-03-13 20:12:08 DEBUG wire:72 -  >> "User-Agent: Apache-HttpClient/4.5.2 (Java/1.8.0_161)[\r][\n]"
2018-03-13 20:12:08 DEBUG wire:72 -  >> "Accept-Encoding: gzip,deflate[\r][\n]"
2018-03-13 20:12:08 DEBUG wire:72 -  >> "[\r][\n]"
2018-03-13 20:12:08 DEBUG headers:280 - >> GET /heapunderflow/service/blog/2 HTTP/1.1
2018-03-13 20:12:08 DEBUG headers:283 - >> Authorization: Basic dXNlcm5hbWU6c2VjcmV0
2018-03-13 20:12:08 DEBUG headers:283 - >> Accept: */*
2018-03-13 20:12:08 DEBUG headers:283 - >> Content-Length: 0
2018-03-13 20:12:08 DEBUG headers:283 - >> Host: 127.0.0.1:8080
2018-03-13 20:12:08 DEBUG headers:283 - >> Connection: Keep-Alive
2018-03-13 20:12:08 DEBUG headers:283 - >> User-Agent: Apache-HttpClient/4.5.2 (Java/1.8.0_161)
2018-03-13 20:12:08 DEBUG headers:283 - >> Accept-Encoding: gzip,deflate
2018-03-13 20:12:08 DEBUG wire:72 -  << "HTTP/1.1 200 OK[\r][\n]"
2018-03-13 20:12:08 DEBUG wire:72 -  << "Server: Apache-Coyote/1.1[\r][\n]"
2018-03-13 20:12:08 DEBUG wire:72 -  << "Content-Type: application/json[\r][\n]"
2018-03-13 20:12:08 DEBUG wire:72 -  << "Transfer-Encoding: chunked[\r][\n]"
2018-03-13 20:12:08 DEBUG wire:72 -  << "Date: Tue, 13 Mar 2018 14:42:07 GMT[\r][\n]"
2018-03-13 20:12:08 DEBUG wire:72 -  << "[\r][\n]"
2018-03-13 20:12:08 DEBUG DefaultClientConnection:261 - Receiving response: HTTP/1.1 200 OK
2018-03-13 20:12:08 DEBUG headers:264 - << HTTP/1.1 200 OK
2018-03-13 20:12:08 DEBUG headers:267 - << Server: Apache-Coyote/1.1
2018-03-13 20:12:08 DEBUG headers:267 - << Content-Type: application/json
2018-03-13 20:12:08 DEBUG headers:267 - << Transfer-Encoding: chunked
2018-03-13 20:12:08 DEBUG headers:267 - << Date: Tue, 13 Mar 2018 14:42:07 GMT
2018-03-13 20:12:08 DEBUG DefaultHttpClient:511 - Connection can be kept alive indefinitely
2018-03-13 20:12:08 DEBUG RequestSpecificationImpl$RestAssuredHttpBuilder:545 - Parsing response as: application/json
2018-03-13 20:12:08 DEBUG RequestSpecificationImpl$RestAssuredHttpBuilder:548 - Parsed data to instance of: class org.apache.http.conn.EofSensorInputStream
2018-03-13 20:12:08 DEBUG wire:72 -  << "80[\r][\n]"
2018-03-13 20:12:08 DEBUG wire:86 -  << "{"blogId":2,"blogTitle":"Sample title3","blogAuthor":"User","blogText":"sample desc","blogCreation":1520828247000,"blogLikes":0}"
2018-03-13 20:12:08 DEBUG wire:72 -  << "[\r][\n]"
2018-03-13 20:12:08 DEBUG wire:72 -  << "0[\r][\n]"
2018-03-13 20:12:08 DEBUG wire:72 -  << "[\r][\n]"
2018-03-13 20:12:08 DEBUG BasicClientConnectionManager:203 - Releasing connection org.apache.http.impl.conn.ManagedClientConnectionImpl@7bb3a9fe
2018-03-13 20:12:08 DEBUG BasicClientConnectionManager:228 - Connection can be kept alive indefinitely
2018-03-13 20:12:08 DEBUG BasicClientConnectionManager:164 - Get connection for route {}->http://127.0.0.1:8080
2018-03-13 20:12:08 DEBUG DefaultClientConnectionOperator:176 - Connecting to 127.0.0.1:8080
2018-03-13 20:12:08 DEBUG RequestAddCookies:122 - CookieSpec selected: ignoreCookies
2018-03-13 20:12:08 DEBUG RequestAuthCache:76 - Auth cache not set in the context
2018-03-13 20:12:08 DEBUG RequestProxyAuthentication:88 - Proxy auth state: UNCHALLENGED
2018-03-13 20:12:08 DEBUG DefaultHttpClient:684 - Attempt 1 to execute request
2018-03-13 20:12:08 DEBUG DefaultClientConnection:276 - Sending request: GET /heapunderflow/service/blog/1 HTTP/1.1
2018-03-13 20:12:08 DEBUG wire:72 -  >> "GET /heapunderflow/service/blog/1 HTTP/1.1[\r][\n]"
2018-03-13 20:12:08 DEBUG wire:72 -  >> "Authorization: Basic dXNlcm5hbWU6c2VjcmV0[\r][\n]"
2018-03-13 20:12:08 DEBUG wire:72 -  >> "Accept: */*[\r][\n]"
2018-03-13 20:12:08 DEBUG wire:72 -  >> "Content-Length: 0[\r][\n]"
2018-03-13 20:12:08 DEBUG wire:72 -  >> "Host: 127.0.0.1:8080[\r][\n]"
2018-03-13 20:12:08 DEBUG wire:72 -  >> "Connection: Keep-Alive[\r][\n]"
2018-03-13 20:12:08 DEBUG wire:72 -  >> "User-Agent: Apache-HttpClient/4.5.2 (Java/1.8.0_161)[\r][\n]"
2018-03-13 20:12:08 DEBUG wire:72 -  >> "Accept-Encoding: gzip,deflate[\r][\n]"
2018-03-13 20:12:08 DEBUG wire:72 -  >> "[\r][\n]"
2018-03-13 20:12:08 DEBUG headers:280 - >> GET /heapunderflow/service/blog/1 HTTP/1.1
2018-03-13 20:12:08 DEBUG headers:283 - >> Authorization: Basic dXNlcm5hbWU6c2VjcmV0
2018-03-13 20:12:08 DEBUG headers:283 - >> Accept: */*
2018-03-13 20:12:08 DEBUG headers:283 - >> Content-Length: 0
2018-03-13 20:12:08 DEBUG headers:283 - >> Host: 127.0.0.1:8080
2018-03-13 20:12:08 DEBUG headers:283 - >> Connection: Keep-Alive
2018-03-13 20:12:08 DEBUG headers:283 - >> User-Agent: Apache-HttpClient/4.5.2 (Java/1.8.0_161)
2018-03-13 20:12:08 DEBUG headers:283 - >> Accept-Encoding: gzip,deflate
2018-03-13 20:12:08 DEBUG wire:72 -  << "HTTP/1.1 200 OK[\r][\n]"
2018-03-13 20:12:08 DEBUG wire:72 -  << "Server: Apache-Coyote/1.1[\r][\n]"
2018-03-13 20:12:08 DEBUG wire:72 -  << "Content-Type: application/json[\r][\n]"
2018-03-13 20:12:08 DEBUG wire:72 -  << "Transfer-Encoding: chunked[\r][\n]"
2018-03-13 20:12:08 DEBUG wire:72 -  << "Date: Tue, 13 Mar 2018 14:42:07 GMT[\r][\n]"
2018-03-13 20:12:08 DEBUG wire:72 -  << "[\r][\n]"
2018-03-13 20:12:08 DEBUG DefaultClientConnection:261 - Receiving response: HTTP/1.1 200 OK
2018-03-13 20:12:08 DEBUG headers:264 - << HTTP/1.1 200 OK
2018-03-13 20:12:08 DEBUG headers:267 - << Server: Apache-Coyote/1.1
2018-03-13 20:12:08 DEBUG headers:267 - << Content-Type: application/json
2018-03-13 20:12:08 DEBUG headers:267 - << Transfer-Encoding: chunked
2018-03-13 20:12:08 DEBUG headers:267 - << Date: Tue, 13 Mar 2018 14:42:07 GMT
2018-03-13 20:12:08 DEBUG DefaultHttpClient:511 - Connection can be kept alive indefinitely
2018-03-13 20:12:08 DEBUG RequestSpecificationImpl$RestAssuredHttpBuilder:545 - Parsing response as: application/json
2018-03-13 20:12:08 DEBUG RequestSpecificationImpl$RestAssuredHttpBuilder:548 - Parsed data to instance of: class org.apache.http.conn.EofSensorInputStream
2018-03-13 20:12:08 DEBUG wire:72 -  << "7e[\r][\n]"
2018-03-13 20:12:08 DEBUG wire:86 -  << "{"blogId":1,"blogTitle":"Sample title2","blogAuthor":null,"blogText":"sample desc","blogCreation":1520827811000,"blogLikes":0}"
2018-03-13 20:12:08 DEBUG wire:72 -  << "[\r][\n]"
2018-03-13 20:12:08 DEBUG wire:72 -  << "0[\r][\n]"
2018-03-13 20:12:08 DEBUG wire:72 -  << "[\r][\n]"
2018-03-13 20:12:08 DEBUG BasicClientConnectionManager:203 - Releasing connection org.apache.http.impl.conn.ManagedClientConnectionImpl@a486d78
2018-03-13 20:12:08 DEBUG BasicClientConnectionManager:228 - Connection can be kept alive indefinitely
2018-03-13 20:12:08 DEBUG root:20 - {
    "blogId": 1,
    "blogTitle": "Sample title2",
    "blogAuthor": null,
    "blogText": "sample desc",
    "blogCreation": 1520827811000,
    "blogLikes": 0
}
2018-03-13 20:12:08 DEBUG BasicClientConnectionManager:164 - Get connection for route {}->http://127.0.0.1:8080
2018-03-13 20:12:08 DEBUG DefaultClientConnectionOperator:176 - Connecting to 127.0.0.1:8080
2018-03-13 20:12:08 DEBUG RequestAddCookies:122 - CookieSpec selected: ignoreCookies
2018-03-13 20:12:08 DEBUG RequestAuthCache:76 - Auth cache not set in the context
2018-03-13 20:12:08 DEBUG RequestProxyAuthentication:88 - Proxy auth state: UNCHALLENGED
2018-03-13 20:12:08 DEBUG DefaultHttpClient:684 - Attempt 1 to execute request
2018-03-13 20:12:08 DEBUG DefaultClientConnection:276 - Sending request: GET /heapunderflow/service/blog/2 HTTP/1.1
2018-03-13 20:12:08 DEBUG wire:72 -  >> "GET /heapunderflow/service/blog/2 HTTP/1.1[\r][\n]"
2018-03-13 20:12:08 DEBUG wire:72 -  >> "Authorization: Basic dXNlcm5hbWU6c2VjcmV0[\r][\n]"
2018-03-13 20:12:08 DEBUG wire:72 -  >> "Accept: */*[\r][\n]"
2018-03-13 20:12:08 DEBUG wire:72 -  >> "Content-Length: 0[\r][\n]"
2018-03-13 20:12:08 DEBUG wire:72 -  >> "Host: 127.0.0.1:8080[\r][\n]"
2018-03-13 20:12:08 DEBUG wire:72 -  >> "Connection: Keep-Alive[\r][\n]"
2018-03-13 20:12:08 DEBUG wire:72 -  >> "User-Agent: Apache-HttpClient/4.5.2 (Java/1.8.0_161)[\r][\n]"
2018-03-13 20:12:08 DEBUG wire:72 -  >> "Accept-Encoding: gzip,deflate[\r][\n]"
2018-03-13 20:12:08 DEBUG wire:72 -  >> "[\r][\n]"
2018-03-13 20:12:08 DEBUG headers:280 - >> GET /heapunderflow/service/blog/2 HTTP/1.1
2018-03-13 20:12:08 DEBUG headers:283 - >> Authorization: Basic dXNlcm5hbWU6c2VjcmV0
2018-03-13 20:12:08 DEBUG headers:283 - >> Accept: */*
2018-03-13 20:12:08 DEBUG headers:283 - >> Content-Length: 0
2018-03-13 20:12:08 DEBUG headers:283 - >> Host: 127.0.0.1:8080
2018-03-13 20:12:08 DEBUG headers:283 - >> Connection: Keep-Alive
2018-03-13 20:12:08 DEBUG headers:283 - >> User-Agent: Apache-HttpClient/4.5.2 (Java/1.8.0_161)
2018-03-13 20:12:08 DEBUG headers:283 - >> Accept-Encoding: gzip,deflate
2018-03-13 20:12:08 DEBUG wire:72 -  << "HTTP/1.1 200 OK[\r][\n]"
2018-03-13 20:12:08 DEBUG wire:72 -  << "Server: Apache-Coyote/1.1[\r][\n]"
2018-03-13 20:12:08 DEBUG wire:72 -  << "Content-Type: application/json[\r][\n]"
2018-03-13 20:12:08 DEBUG wire:72 -  << "Transfer-Encoding: chunked[\r][\n]"
2018-03-13 20:12:08 DEBUG wire:72 -  << "Date: Tue, 13 Mar 2018 14:42:07 GMT[\r][\n]"
2018-03-13 20:12:08 DEBUG wire:72 -  << "[\r][\n]"
2018-03-13 20:12:08 DEBUG DefaultClientConnection:261 - Receiving response: HTTP/1.1 200 OK
2018-03-13 20:12:08 DEBUG headers:264 - << HTTP/1.1 200 OK
2018-03-13 20:12:08 DEBUG headers:267 - << Server: Apache-Coyote/1.1
2018-03-13 20:12:08 DEBUG headers:267 - << Content-Type: application/json
2018-03-13 20:12:08 DEBUG headers:267 - << Transfer-Encoding: chunked
2018-03-13 20:12:08 DEBUG headers:267 - << Date: Tue, 13 Mar 2018 14:42:07 GMT
2018-03-13 20:12:08 DEBUG DefaultHttpClient:511 - Connection can be kept alive indefinitely
2018-03-13 20:12:08 DEBUG RequestSpecificationImpl$RestAssuredHttpBuilder:545 - Parsing response as: application/json
2018-03-13 20:12:08 DEBUG RequestSpecificationImpl$RestAssuredHttpBuilder:548 - Parsed data to instance of: class org.apache.http.conn.EofSensorInputStream
2018-03-13 20:12:08 DEBUG wire:72 -  << "80[\r][\n]"
2018-03-13 20:12:08 DEBUG wire:86 -  << "{"blogId":2,"blogTitle":"Sample title3","blogAuthor":"User","blogText":"sample desc","blogCreation":1520828247000,"blogLikes":0}"
2018-03-13 20:12:08 DEBUG wire:72 -  << "[\r][\n]"
2018-03-13 20:12:08 DEBUG wire:72 -  << "0[\r][\n]"
2018-03-13 20:12:08 DEBUG wire:72 -  << "[\r][\n]"
2018-03-13 20:12:08 DEBUG BasicClientConnectionManager:203 - Releasing connection org.apache.http.impl.conn.ManagedClientConnectionImpl@3bffddff
2018-03-13 20:12:08 DEBUG BasicClientConnectionManager:228 - Connection can be kept alive indefinitely
2018-03-13 20:12:08 DEBUG BasicClientConnectionManager:164 - Get connection for route {}->http://127.0.0.1:8080
2018-03-13 20:12:08 DEBUG DefaultClientConnectionOperator:176 - Connecting to 127.0.0.1:8080
2018-03-13 20:12:08 DEBUG RequestAddCookies:122 - CookieSpec selected: ignoreCookies
2018-03-13 20:12:08 DEBUG RequestAuthCache:76 - Auth cache not set in the context
2018-03-13 20:12:08 DEBUG RequestProxyAuthentication:88 - Proxy auth state: UNCHALLENGED
2018-03-13 20:12:08 DEBUG DefaultHttpClient:684 - Attempt 1 to execute request
2018-03-13 20:12:08 DEBUG DefaultClientConnection:276 - Sending request: GET /heapunderflow/service/blog/1 HTTP/1.1
2018-03-13 20:12:08 DEBUG wire:72 -  >> "GET /heapunderflow/service/blog/1 HTTP/1.1[\r][\n]"
2018-03-13 20:12:08 DEBUG wire:72 -  >> "Authorization: Basic dXNlcm5hbWU6c2VjcmV0[\r][\n]"
2018-03-13 20:12:08 DEBUG wire:72 -  >> "Accept: */*[\r][\n]"
2018-03-13 20:12:08 DEBUG wire:72 -  >> "Content-Length: 0[\r][\n]"
2018-03-13 20:12:08 DEBUG wire:72 -  >> "Host: 127.0.0.1:8080[\r][\n]"
2018-03-13 20:12:08 DEBUG wire:72 -  >> "Connection: Keep-Alive[\r][\n]"
2018-03-13 20:12:08 DEBUG wire:72 -  >> "User-Agent: Apache-HttpClient/4.5.2 (Java/1.8.0_161)[\r][\n]"
2018-03-13 20:12:08 DEBUG wire:72 -  >> "Accept-Encoding: gzip,deflate[\r][\n]"
2018-03-13 20:12:08 DEBUG wire:72 -  >> "[\r][\n]"
2018-03-13 20:12:08 DEBUG headers:280 - >> GET /heapunderflow/service/blog/1 HTTP/1.1
2018-03-13 20:12:08 DEBUG headers:283 - >> Authorization: Basic dXNlcm5hbWU6c2VjcmV0
2018-03-13 20:12:08 DEBUG headers:283 - >> Accept: */*
2018-03-13 20:12:08 DEBUG headers:283 - >> Content-Length: 0
2018-03-13 20:12:08 DEBUG headers:283 - >> Host: 127.0.0.1:8080
2018-03-13 20:12:08 DEBUG headers:283 - >> Connection: Keep-Alive
2018-03-13 20:12:08 DEBUG headers:283 - >> User-Agent: Apache-HttpClient/4.5.2 (Java/1.8.0_161)
2018-03-13 20:12:08 DEBUG headers:283 - >> Accept-Encoding: gzip,deflate
2018-03-13 20:12:08 DEBUG wire:72 -  << "HTTP/1.1 200 OK[\r][\n]"
2018-03-13 20:12:08 DEBUG wire:72 -  << "Server: Apache-Coyote/1.1[\r][\n]"
2018-03-13 20:12:08 DEBUG wire:72 -  << "Content-Type: application/json[\r][\n]"
2018-03-13 20:12:08 DEBUG wire:72 -  << "Transfer-Encoding: chunked[\r][\n]"
2018-03-13 20:12:08 DEBUG wire:72 -  << "Date: Tue, 13 Mar 2018 14:42:07 GMT[\r][\n]"
2018-03-13 20:12:08 DEBUG wire:72 -  << "[\r][\n]"
2018-03-13 20:12:08 DEBUG DefaultClientConnection:261 - Receiving response: HTTP/1.1 200 OK
2018-03-13 20:12:08 DEBUG headers:264 - << HTTP/1.1 200 OK
2018-03-13 20:12:08 DEBUG headers:267 - << Server: Apache-Coyote/1.1
2018-03-13 20:12:08 DEBUG headers:267 - << Content-Type: application/json
2018-03-13 20:12:08 DEBUG headers:267 - << Transfer-Encoding: chunked
2018-03-13 20:12:08 DEBUG headers:267 - << Date: Tue, 13 Mar 2018 14:42:07 GMT
2018-03-13 20:12:08 DEBUG DefaultHttpClient:511 - Connection can be kept alive indefinitely
2018-03-13 20:12:08 DEBUG RequestSpecificationImpl$RestAssuredHttpBuilder:545 - Parsing response as: application/json
2018-03-13 20:12:08 DEBUG RequestSpecificationImpl$RestAssuredHttpBuilder:548 - Parsed data to instance of: class org.apache.http.conn.EofSensorInputStream
2018-03-13 20:12:08 DEBUG wire:72 -  << "7e[\r][\n]"
2018-03-13 20:12:08 DEBUG wire:86 -  << "{"blogId":1,"blogTitle":"Sample title2","blogAuthor":null,"blogText":"sample desc","blogCreation":1520827811000,"blogLikes":0}"
2018-03-13 20:12:08 DEBUG wire:72 -  << "[\r][\n]"
2018-03-13 20:12:08 DEBUG wire:72 -  << "0[\r][\n]"
2018-03-13 20:12:08 DEBUG wire:72 -  << "[\r][\n]"
2018-03-13 20:12:08 DEBUG BasicClientConnectionManager:203 - Releasing connection org.apache.http.impl.conn.ManagedClientConnectionImpl@22c86919
2018-03-13 20:12:08 DEBUG BasicClientConnectionManager:228 - Connection can be kept alive indefinitely
